Diagnose log at 2026-06-11T00:04:23Z

AppPath: C:\Program Files\Git\mingw64\bin\git-credential-manager.exe
InstallDir: C:\Program Files\Git\mingw64\bin\
Version: 2.6.1+786ab03440ddc82e807a97c0e540f5247e44cec6

------------
Diagnostic: Environment
Skipped: False
Success: True
Exception: None
Log:
OSType: Windows
OSVersion: 10.0 (build 26200)
Reading environment variables... OK
 Variables:
HOMEPATH=\Users\maycon_g_santos
DriverData=C:\Windows\System32\Drivers\DriverData
COMPUTERNAME=SN-392650
UATDATA=C:\Windows\CCM\UATData\D9F8C395-CAB8-491d-B8AC-179A1FE1BE77
GIT_TRACE2_PARENT_SID=33c8c8da-8679-4e7f-b920-9f0a001d4cbf
CommonProgramFiles(x86)=C:\Program Files (x86)\Common Files
OneDrive=C:\Users\maycon_g_santos\OneDrive
TMP=C:\Users\MAYCON~1\AppData\Local\Temp
HOME=C:\Users\maycon_g_santos
PROCESSOR_REVISION=9705
PATHEXT=.COM;.EXE;.BAT;.CMD;.VBS;.VBE;.JS;.JSE;.WSF;.WSH;.MSC;.PY;.PYW
GIT_EXEC_PATH=C:/Program Files/Git/mingw64/libexec/git-core
TEMP=C:\Users\MAYCON~1\AppData\Local\Temp
LOCALAPPDATA=C:\Users\maycon_g_santos\AppData\Local
MSYSTEM=MINGW64
TERM=xterm-256color
COLORTERM=truecolor
windir=C:\Windows
USERDNSDOMAIN=EDU.FIESC.COM.BR
USERDOMAIN=EDU_FIESC
ProgramFiles(x86)=C:\Program Files (x86)
Path=C:/Program Files/Git/mingw64/libexec/git-core;C:\Program Files\Git\mingw64\bin;C:\Program Files\Git\usr\bin;C:\Users\maycon_g_santos\bin;C:\Program Files\Python314\Scripts\;C:\Program Files\Python314\;C:\Program Files\Common Files\Oracle\Java\javapath;C:\Program Files (x86)\Common Files\Oracle\Java\java8path;C:\Program Files (x86)\Common Files\Oracle\Java\javapath;C:\Windows\system32;C:\Windows;C:\Windows\System32\Wbem;C:\Windows\System32\WindowsPowerShell\v1.0\;C:\Windows\System32\OpenSSH\;C:\Program Files\dotnet\;C:\Program Files\Git\cmd;C:\ProgramData\UNIVALI\Portugol Studio;C:\Microsoft VS Code\bin;C:\src\flutter\bin;C:\Program Files\CodeBlocks\MinGW\bin;C:\Users\Default\AppData\Roaming\npm;C:\Users\Default\AppData\Roaming\node_modules\@angular\cli\bin;C:\Program Files\Docker\Docker\resources\bin;C:\Program Files\nodejs\;C:\Users\maycon_g_santos\AppData\Local\Microsoft\WindowsApps;
PROCESSOR_LEVEL=6
PROCESSOR_IDENTIFIER=Intel64 Family 6 Model 151 Stepping 5, GenuineIntel
TMPDIR=C:\Users\MAYCON~1\AppData\Local\Temp
PROMPT=$P$G
PSModulePath=C:\Program Files\WindowsPowerShell\Modules;C:\Windows\system32\WindowsPowerShell\v1.0\Modules
PUBLIC=C:\Users\Public
NUMBER_OF_PROCESSORS=8
CommonProgramFiles=C:\Program Files (x86)\Common Files
PLINK_PROTOCOL=ssh
ProgramData=C:\ProgramData
ProgramW6432=C:\Program Files
ProgramFiles=C:\Program Files (x86)
SystemRoot=C:\Windows
SESSIONNAME=Console
LC_CTYPE=C.UTF-8
CommonProgramW6432=C:\Program Files\Common Files
LOGONSERVER=\\SNDAC00-DC002
USERPROFILE=C:\Users\maycon_g_santos
USERDOMAIN_ROAMINGPROFILE=EDU_FIESC
APPDATA=C:\Users\maycon_g_santos\AppData\Roaming
HOMEDRIVE=C:
VBOX_MSI_INSTALL_PATH=C:\Program Files\Oracle\VirtualBox\
USERNAME=maycon_g_santos
PROCESSOR_ARCHITEW6432=AMD64
PROCESSOR_ARCHITECTURE=x86
OS=Windows_NT
ComSpec=C:\Windows\system32\cmd.exe
SystemDrive=C:
EFC_13372_1592913036=1
ALLUSERSPROFILE=C:\ProgramData


------------
Diagnostic: File system
Skipped: False
Success: True
Exception: None
Log:
Temporary directory is 'C:\Users\maycon_g_santos\AppData\Local\Temp\'...
Checking basic file I/O...
Writing to temporary file 'C:\Users\maycon_g_santos\AppData\Local\Temp\95dd4d4faba63e790989cfdd'... OK
Reading from temporary file 'C:\Users\maycon_g_santos\AppData\Local\Temp\95dd4d4faba63e790989cfdd'... OK
Deleting temporary file 'C:\Users\maycon_g_santos\AppData\Local\Temp\95dd4d4faba63e790989cfdd'... OK
Testing IFileSystem instance...
UserHomePath: C:\Users\maycon_g_santos
UserDataDirectoryPath: C:\Users\maycon_g_santos\.gcm
GetCurrentDirectory(): C:\Users\maycon_g_santos\Desktop\detector-gestos-python

------------
Diagnostic: Networking
Skipped: False
Success: True
Exception: None
Log:
Checking networking and HTTP stack...
Creating HTTP client... OK
IsNetworkAvailable: True
Sending HEAD request to http://example.com...Sending HEAD request to https://example.com... OK
 OK
Acquiring free TCP port... OK
Testing local HTTP loopback connections...
Creating new HTTP listener for http://localhost:56367/... OK
Waiting for loopback connection... OK
Writing response... OK
Waiting for response data... OK
Loopback connection data OK

------------
Diagnostic: Git
Skipped: False
Success: True
Exception: None
Log:
Getting Git version... OK
Git version is '2.52.0.windows.1'
Locating current repository...Git repository at 'C:/Users/maycon_g_santos/Desktop/detector-gestos-python/.git'
 OK
Listing all Git configuration... OK
Git configuration:
file:C:/Program Files/Git/etc/gitconfig	diff.astextplain.textconv=astextplain
file:C:/Program Files/Git/etc/gitconfig	filter.lfs.clean=git-lfs clean -- %f
file:C:/Program Files/Git/etc/gitconfig	filter.lfs.smudge=git-lfs smudge -- %f
file:C:/Program Files/Git/etc/gitconfig	filter.lfs.process=git-lfs filter-process
file:C:/Program Files/Git/etc/gitconfig	filter.lfs.required=true
file:C:/Program Files/Git/etc/gitconfig	http.sslbackend=schannel
file:C:/Program Files/Git/etc/gitconfig	core.autocrlf=true
file:C:/Program Files/Git/etc/gitconfig	core.fscache=true
file:C:/Program Files/Git/etc/gitconfig	core.symlinks=false
file:C:/Program Files/Git/etc/gitconfig	pull.rebase=false
file:C:/Program Files/Git/etc/gitconfig	credential.helper=manager
file:C:/Program Files/Git/etc/gitconfig	credential.https://dev.azure.com.usehttppath=true
file:C:/Program Files/Git/etc/gitconfig	init.defaultbranch=master
file:C:/Users/maycon_g_santos/.gitconfig	user.name=Maycon Gibson
file:C:/Users/maycon_g_santos/.gitconfig	user.email=youknowhooo@icloud.com
file:C:/Users/maycon_g_santos/.gitconfig	credential.helper=manager
file:.git/config	core.repositoryformatversion=0
file:.git/config	core.filemode=false
file:.git/config	core.bare=false
file:.git/config	core.logallrefupdates=true
file:.git/config	core.symlinks=false
file:.git/config	core.ignorecase=true
file:.git/config	remote.origin.url=https://github.com/youknowhooo-66/detector-gestos-python.git
file:.git/config	remote.origin.fetch=+refs/heads/*:refs/remotes/origin/*


------------
Diagnostic: Credential storage
Skipped: False
Success: True
Exception: None
Log:
ICredentialStore instance is of type: CredentialStore
Writing test credential... OK
Reading test credential... OK
Deleting test credential... OK

------------
Diagnostic: Microsoft authentication (AAD/MSA)
Skipped: False
Success: True
Exception: None
Log:
Broker is not enabled.
Flow type is: Auto
Gathering MSAL token cache data... OK
CacheDirectory: C:\Users\maycon_g_santos\AppData\Local\.IdentityService
CacheFileName: msal.cache
CacheFilePath: C:\Users\maycon_g_santos\AppData\Local\.IdentityService\msal.cache
Creating cache helper... OK
Verifying MSAL token cache persistence... OK

------------
Diagnostic: GitHub API
Skipped: False
Success: False
Exception:
System.Threading.Tasks.TaskCanceledException: Uma tarefa foi cancelada.
   em System.Runtime.CompilerServices.TaskAwaiter.ThrowForNonSuccess(Task task)
   em System.Runtime.CompilerServices.TaskAwaiter.HandleNonSuccessAndDebuggerNotification(Task task)
   em System.Runtime.CompilerServices.TaskAwaiter`1.GetResult()
   em GitHub.GitHubRestApi.<GetMetaInfoAsync>d__5.MoveNext()
--- Fim do rastreamento de pilha do local anterior onde a exceção foi gerada ---
   em System.Runtime.CompilerServices.TaskAwaiter.ThrowForNonSuccess(Task task)
   em System.Runtime.CompilerServices.TaskAwaiter.HandleNonSuccessAndDebuggerNotification(Task task)
   em System.Runtime.CompilerServices.TaskAwaiter`1.GetResult()
   em GitHub.Diagnostics.GitHubApiDiagnostic.<RunInternalAsync>d__2.MoveNext()
--- Fim do rastreamento de pilha do local anterior onde a exceção foi gerada ---
   em System.Runtime.CompilerServices.TaskAwaiter.ThrowForNonSuccess(Task task)
   em System.Runtime.CompilerServices.TaskAwaiter.HandleNonSuccessAndDebuggerNotification(Task task)
   em System.Runtime.CompilerServices.TaskAwaiter`1.GetResult()
   em GitCredentialManager.Diagnostics.Diagnostic.<RunAsync>d__6.MoveNext()
Log:
Using 'https://github.com/' as API target.
Querying '/meta' endpoint...
